<?xml version="1.0" encoding="UTF-8"?>
<testsuite xmlns:xsi="http://www.w3.org/2001/XMLSchema-instance" xsi:noNamespaceSchemaLocation="https://maven.apache.org/surefire/maven-surefire-plugin/xsd/surefire-test-report.xsd" name="TestSuite" time="9.752" tests="8" errors="0" skipped="0" failures="0">
  <properties>
    <property name="sun.desktop" value="gnome"/>
    <property name="awt.toolkit" value="sun.awt.X11.XToolkit"/>
    <property name="file.encoding.pkg" value="sun.io"/>
    <property name="java.specification.version" value="1.8"/>
    <property name="sun.cpu.isalist" value=""/>
    <property name="sun.jnu.encoding" value="UTF-8"/>
    <property name="java.class.path" value="/home/soumyavaio/eclipse-workspace/restassured/target/test-classes:/home/soumyavaio/eclipse-workspace/restassured/target/classes:/home/soumyavaio/.m2/repository/io/rest-assured/rest-assured/3.0.6/rest-assured-3.0.6.jar:/home/soumyavaio/.m2/repository/org/codehaus/groovy/groovy/2.4.12/groovy-2.4.12.jar:/home/soumyavaio/.m2/repository/org/codehaus/groovy/groovy-xml/2.4.12/groovy-xml-2.4.12.jar:/home/soumyavaio/.m2/repository/org/apache/httpcomponents/httpclient/4.5.3/httpclient-4.5.3.jar:/home/soumyavaio/.m2/repository/org/apache/httpcomponents/httpcore/4.4.6/httpcore-4.4.6.jar:/home/soumyavaio/.m2/repository/commons-logging/commons-logging/1.2/commons-logging-1.2.jar:/home/soumyavaio/.m2/repository/commons-codec/commons-codec/1.9/commons-codec-1.9.jar:/home/soumyavaio/.m2/repository/org/apache/httpcomponents/httpmime/4.5.1/httpmime-4.5.1.jar:/home/soumyavaio/.m2/repository/org/hamcrest/hamcrest-core/1.3/hamcrest-core-1.3.jar:/home/soumyavaio/.m2/repository/org/hamcrest/hamcrest-library/1.3/hamcrest-library-1.3.jar:/home/soumyavaio/.m2/repository/org/ccil/cowan/tagsoup/tagsoup/1.2.1/tagsoup-1.2.1.jar:/home/soumyavaio/.m2/repository/io/rest-assured/json-path/3.0.6/json-path-3.0.6.jar:/home/soumyavaio/.m2/repository/org/codehaus/groovy/groovy-json/2.4.12/groovy-json-2.4.12.jar:/home/soumyavaio/.m2/repository/io/rest-assured/rest-assured-common/3.0.6/rest-assured-common-3.0.6.jar:/home/soumyavaio/.m2/repository/io/rest-assured/xml-path/3.0.6/xml-path-3.0.6.jar:/home/soumyavaio/.m2/repository/org/apache/commons/commons-lang3/3.4/commons-lang3-3.4.jar:/home/soumyavaio/.m2/repository/javax/xml/bind/jaxb-api/2.2.12/jaxb-api-2.2.12.jar:/home/soumyavaio/.m2/repository/com/googlecode/json-simple/json-simple/1.1.1/json-simple-1.1.1.jar:/home/soumyavaio/.m2/repository/junit/junit/4.10/junit-4.10.jar:/home/soumyavaio/.m2/repository/org/testng/testng/6.8/testng-6.8.jar:/home/soumyavaio/.m2/repository/org/beanshell/bsh/2.0b4/bsh-2.0b4.jar:/home/soumyavaio/.m2/repository/com/beust/jcommander/1.27/jcommander-1.27.jar:/home/soumyavaio/.m2/repository/org/yaml/snakeyaml/1.6/snakeyaml-1.6.jar:/home/soumyavaio/.m2/repository/org/apache/maven/surefire/surefire-testng-utils/2.21.0/surefire-testng-utils-2.21.0.jar:/home/soumyavaio/.m2/repository/org/apache/maven/surefire/surefire-grouper/2.21.0/surefire-grouper-2.21.0.jar:"/>
    <property name="java.vm.vendor" value="Oracle Corporation"/>
    <property name="sun.arch.data.model" value="64"/>
    <property name="java.vendor.url" value="http://java.oracle.com/"/>
    <property name="user.timezone" value=""/>
    <property name="java.vm.specification.version" value="1.8"/>
    <property name="os.name" value="Linux"/>
    <property name="user.country" value="IN"/>
    <property name="sun.java.launcher" value="SUN_STANDARD"/>
    <property name="sun.boot.library.path" value="/opt/jdk1.8.0_161/jre/lib/amd64"/>
    <property name="sun.java.command" value="/home/soumyavaio/eclipse-workspace/restassured/target/surefire/surefirebooter3411884639223677255.jar /home/soumyavaio/eclipse-workspace/restassured/target/surefire 2018-04-29T15-15-54_595-jvmRun1 surefire8056617303516739011tmp surefire_02026102436938460457tmp"/>
    <property name="surefire.test.class.path" value="/home/soumyavaio/eclipse-workspace/restassured/target/test-classes:/home/soumyavaio/eclipse-workspace/restassured/target/classes:/home/soumyavaio/.m2/repository/io/rest-assured/rest-assured/3.0.6/rest-assured-3.0.6.jar:/home/soumyavaio/.m2/repository/org/codehaus/groovy/groovy/2.4.12/groovy-2.4.12.jar:/home/soumyavaio/.m2/repository/org/codehaus/groovy/groovy-xml/2.4.12/groovy-xml-2.4.12.jar:/home/soumyavaio/.m2/repository/org/apache/httpcomponents/httpclient/4.5.3/httpclient-4.5.3.jar:/home/soumyavaio/.m2/repository/org/apache/httpcomponents/httpcore/4.4.6/httpcore-4.4.6.jar:/home/soumyavaio/.m2/repository/commons-logging/commons-logging/1.2/commons-logging-1.2.jar:/home/soumyavaio/.m2/repository/commons-codec/commons-codec/1.9/commons-codec-1.9.jar:/home/soumyavaio/.m2/repository/org/apache/httpcomponents/httpmime/4.5.1/httpmime-4.5.1.jar:/home/soumyavaio/.m2/repository/org/hamcrest/hamcrest-core/1.3/hamcrest-core-1.3.jar:/home/soumyavaio/.m2/repository/org/hamcrest/hamcrest-library/1.3/hamcrest-library-1.3.jar:/home/soumyavaio/.m2/repository/org/ccil/cowan/tagsoup/tagsoup/1.2.1/tagsoup-1.2.1.jar:/home/soumyavaio/.m2/repository/io/rest-assured/json-path/3.0.6/json-path-3.0.6.jar:/home/soumyavaio/.m2/repository/org/codehaus/groovy/groovy-json/2.4.12/groovy-json-2.4.12.jar:/home/soumyavaio/.m2/repository/io/rest-assured/rest-assured-common/3.0.6/rest-assured-common-3.0.6.jar:/home/soumyavaio/.m2/repository/io/rest-assured/xml-path/3.0.6/xml-path-3.0.6.jar:/home/soumyavaio/.m2/repository/org/apache/commons/commons-lang3/3.4/commons-lang3-3.4.jar:/home/soumyavaio/.m2/repository/javax/xml/bind/jaxb-api/2.2.12/jaxb-api-2.2.12.jar:/home/soumyavaio/.m2/repository/com/googlecode/json-simple/json-simple/1.1.1/json-simple-1.1.1.jar:/home/soumyavaio/.m2/repository/junit/junit/4.10/junit-4.10.jar:/home/soumyavaio/.m2/repository/org/testng/testng/6.8/testng-6.8.jar:/home/soumyavaio/.m2/repository/org/beanshell/bsh/2.0b4/bsh-2.0b4.jar:/home/soumyavaio/.m2/repository/com/beust/jcommander/1.27/jcommander-1.27.jar:/home/soumyavaio/.m2/repository/org/yaml/snakeyaml/1.6/snakeyaml-1.6.jar:/home/soumyavaio/.m2/repository/org/apache/maven/surefire/surefire-testng-utils/2.21.0/surefire-testng-utils-2.21.0.jar:/home/soumyavaio/.m2/repository/org/apache/maven/surefire/surefire-grouper/2.21.0/surefire-grouper-2.21.0.jar:"/>
    <property name="sun.cpu.endian" value="little"/>
    <property name="user.home" value="/home/soumyavaio"/>
    <property name="user.language" value="en"/>
    <property name="java.specification.vendor" value="Oracle Corporation"/>
    <property name="java.home" value="/opt/jdk1.8.0_161/jre"/>
    <property name="basedir" value="/home/soumyavaio/eclipse-workspace/restassured"/>
    <property name="file.separator" value="/"/>
    <property name="line.separator" value="&#10;"/>
    <property name="java.vm.specification.vendor" value="Oracle Corporation"/>
    <property name="java.specification.name" value="Java Platform API Specification"/>
    <property name="java.awt.graphicsenv" value="sun.awt.X11GraphicsEnvironment"/>
    <property name="surefire.real.class.path" value="/home/soumyavaio/eclipse-workspace/restassured/target/surefire/surefirebooter3411884639223677255.jar"/>
    <property name="sun.boot.class.path" value="/opt/jdk1.8.0_161/jre/lib/resources.jar:/opt/jdk1.8.0_161/jre/lib/rt.jar:/opt/jdk1.8.0_161/jre/lib/sunrsasign.jar:/opt/jdk1.8.0_161/jre/lib/jsse.jar:/opt/jdk1.8.0_161/jre/lib/jce.jar:/opt/jdk1.8.0_161/jre/lib/charsets.jar:/opt/jdk1.8.0_161/jre/lib/jfr.jar:/opt/jdk1.8.0_161/jre/classes"/>
    <property name="sun.management.compiler" value="HotSpot 64-Bit Tiered Compilers"/>
    <property name="java.runtime.version" value="1.8.0_161-b12"/>
    <property name="user.name" value="soumyavaio"/>
    <property name="path.separator" value=":"/>
    <property name="os.version" value="4.13.0-39-generic"/>
    <property name="java.endorsed.dirs" value="/opt/jdk1.8.0_161/jre/lib/endorsed"/>
    <property name="java.runtime.name" value="Java(TM) SE Runtime Environment"/>
    <property name="file.encoding" value="UTF-8"/>
    <property name="java.vm.name" value="Java HotSpot(TM) 64-Bit Server VM"/>
    <property name="localRepository" value="/home/soumyavaio/.m2/repository"/>
    <property name="java.vendor.url.bug" value="http://bugreport.sun.com/bugreport/"/>
    <property name="java.io.tmpdir" value="/tmp"/>
    <property name="java.version" value="1.8.0_161"/>
    <property name="user.dir" value="/home/soumyavaio/eclipse-workspace/restassured"/>
    <property name="os.arch" value="amd64"/>
    <property name="java.vm.specification.name" value="Java Virtual Machine Specification"/>
    <property name="java.awt.printerjob" value="sun.print.PSPrinterJob"/>
    <property name="sun.os.patch.level" value="unknown"/>
    <property name="java.library.path" value="/usr/java/packages/lib/amd64:/usr/lib64:/lib64:/lib:/usr/lib"/>
    <property name="java.vm.info" value="mixed mode"/>
    <property name="java.vendor" value="Oracle Corporation"/>
    <property name="java.vm.version" value="25.161-b12"/>
    <property name="java.ext.dirs" value="/opt/jdk1.8.0_161/jre/lib/ext:/usr/java/packages/lib/ext"/>
    <property name="sun.io.unicode.encoding" value="UnicodeLittle"/>
    <property name="java.class.version" value="52.0"/>
  </properties>
  <testcase name="apiRespo" classname="restassured.ApiTest" time="4.521"/>
  <testcase name="apiResponse" classname="restassured.ApiTest" time="2.453"/>
  <testcase name="deleteTest" classname="restassured.Post_Delete_PutTest" time="0.053"/>
  <testcase name="postTest" classname="restassured.Post_Delete_PutTest" time="0.137"/>
  <testcase name="putTest" classname="restassured.Post_Delete_PutTest" time="0.026"/>
  <testcase name="getTest" classname="restassured.Post_Delete_PutTest" time="0.105"/>
  <testcase name="responceBody" classname="restassured.ResponceTest" time="1.539"/>
  <testcase name="responseCode" classname="restassured.ResponceTest" time="0.491"/>
</testsuite>