<?xml version="1.0" encoding="UTF-8"?>
<!-- Generated by org.testng.reporters.JUnitReportReporter -->
<testsuite hostname="soumyavaio" name="restassured.ResponceTest" tests="2" failures="0" timestamp="29 Apr 2018 09:46:12 GMT" time="2.029" errors="0">
  <testcase name="responceBody" time="1.538" classname="restassured.ResponceTest"/>
  <testcase name="responseCode" time="0.491" classname="restassured.ResponceTest"/>
</testsuite> <!-- restassured.ResponceTest -->
