<?xml version="1.0" encoding="UTF-8"?>
<!-- Generated by org.testng.reporters.JUnitReportReporter -->
<testsuite hostname="soumyavaio" name="restassured.ApiTest" tests="2" failures="0" timestamp="29 Apr 2018 09:46:12 GMT" time="6.976" errors="0">
  <testcase name="apiRespo" time="4.522" classname="restassured.ApiTest"/>
  <testcase name="apiResponse" time="2.454" classname="restassured.ApiTest"/>
</testsuite> <!-- restassured.ApiTest -->
