<?xml version="1.0" encoding="UTF-8"?>
<!-- Generated by org.testng.reporters.JUnitReportReporter -->
<testsuite hostname="soumyavaio" name="restassured.Post_Delete_PutTest" tests="4" failures="0" timestamp="29 Apr 2018 09:46:12 GMT" time="0.321" errors="0">
  <testcase name="putTest" time="0.026" classname="restassured.Post_Delete_PutTest"/>
  <testcase name="postTest" time="0.137" classname="restassured.Post_Delete_PutTest"/>
  <testcase name="getTest" time="0.105" classname="restassured.Post_Delete_PutTest"/>
  <testcase name="deleteTest" time="0.053" classname="restassured.Post_Delete_PutTest"/>
</testsuite> <!-- restassured.Post_Delete_PutTest -->
